<?xml version="1.0" encoding="UTF-8"?>
<testsuite xmlns:xsi="http://www.w3.org/2001/XMLSchema-instance" xsi:noNamespaceSchemaLocation="https://maven.apache.org/surefire/maven-surefire-plugin/xsd/surefire-test-report-3.0.xsd" version="3.0" name="TestSuite" time="65.846" tests="17" errors="0" skipped="16" failures="1">
  <properties>
[...]
</properties>
  <testcase name="purchasingProcessBeforeMethod[chrome](0)" classname="testCases.purchasingProcess" time="65.356">
    <failure message="Expected condition failed: waiting for visibility of Proxy element for: DefaultElementLocator &apos;By.xpath: //div[@id=&apos;site-logo&apos;]&apos; (tried for 20 second(s) with 500 milliseconds interval)" type="org.openqa.selenium.TimeoutException"><![CDATA[org.openqa.selenium.TimeoutException: Expected condition failed: waiting for visibility of Proxy element for: DefaultElementLocator 'By.xpath: //div[@id='site-logo']' (tried for 20 second(s) with 500 milliseconds interval)
	at org.openqa.selenium.support.ui.WebDriverWait.timeoutException(WebDriverWait.java:95)
	at org.openqa.selenium.support.ui.FluentWait.until(FluentWait.java:272)
	at core.pageobjects.qpros.Commons.navigateHomePage(Commons.java:51)
	at core.pageobjects.qpros.HomePage.load(HomePage.java:137)
	at base.qpros.Home.goTo(Home.java:26)
	at testCases.purchasingProcess.purchasingProcessBeforeMethod(purchasingProcess.java:56)
	at java.base/jdk.internal.reflect.NativeMethodAccessorImpl.invoke0(Native Method)
	at java.base/jdk.internal.reflect.NativeMethodAccessorImpl.invoke(NativeMethodAccessorImpl.java:77)
	at java.base/jdk.internal.reflect.DelegatingMethodAccessorImpl.invoke(DelegatingMethodAccessorImpl.java:43)
	at java.base/java.lang.reflect.Method.invoke(Method.java:568)
	at org.testng.internal.invokers.MethodInvocationHelper.invokeMethod(MethodInvocationHelper.java:135)
	at org.testng.internal.invokers.MethodInvocationHelper.invokeMethodConsideringTimeout(MethodInvocationHelper.java:65)
	at org.testng.internal.invokers.ConfigInvoker.invokeConfigurationMethod(ConfigInvoker.java:381)
	at org.testng.internal.invokers.ConfigInvoker.invokeConfigurations(ConfigInvoker.java:319)
	at org.testng.internal.invokers.TestInvoker.runConfigMethods(TestInvoker.java:803)
	at org.testng.internal.invokers.TestInvoker.invokeMethod(TestInvoker.java:589)
	at org.testng.internal.invokers.TestInvoker.invokeTestMethod(TestInvoker.java:220)
	at org.testng.internal.invokers.MethodRunner.runInSequence(MethodRunner.java:50)
	at org.testng.internal.invokers.TestInvoker$MethodInvocationAgent.invoke(TestInvoker.java:945)
	at org.testng.internal.invokers.TestInvoker.invokeTestMethods(TestInvoker.java:193)
	at org.testng.internal.invokers.TestMethodWorker.invokeTestMethods(TestMethodWorker.java:146)
	at org.testng.internal.invokers.TestMethodWorker.run(TestMethodWorker.java:128)
	at java.base/java.util.ArrayList.forEach(ArrayList.java:1511)
	at org.testng.TestRunner.privateRun(TestRunner.java:808)
	at org.testng.TestRunner.run(TestRunner.java:603)
	at org.testng.SuiteRunner.runTest(SuiteRunner.java:429)
	at org.testng.SuiteRunner.runSequentially(SuiteRunner.java:423)
	at org.testng.SuiteRunner.privateRun(SuiteRunner.java:383)
	at org.testng.SuiteRunner.run(SuiteRunner.java:326)
	at org.testng.SuiteRunnerWorker.runSuite(SuiteRunnerWorker.java:52)
	at org.testng.SuiteRunnerWorker.run(SuiteRunnerWorker.java:95)
	at org.testng.TestNG.runSuitesSequentially(TestNG.java:1249)
	at org.testng.TestNG.runSuitesLocally(TestNG.java:1169)
	at org.testng.TestNG.runSuites(TestNG.java:1092)
	at org.testng.TestNG.run(TestNG.java:1060)
	at org.apache.maven.surefire.testng.TestNGExecutor.run(TestNGExecutor.java:308)
	at org.apache.maven.surefire.testng.TestNGXmlTestSuite.execute(TestNGXmlTestSuite.java:71)
	at org.apache.maven.surefire.testng.TestNGProvider.invoke(TestNGProvider.java:113)
	at org.apache.maven.surefire.booter.ForkedBooter.runSuitesInProcess(ForkedBooter.java:385)
	at org.apache.maven.surefire.booter.ForkedBooter.execute(ForkedBooter.java:162)
	at org.apache.maven.surefire.booter.ForkedBooter.run(ForkedBooter.java:507)
	at org.apache.maven.surefire.booter.ForkedBooter.main(ForkedBooter.java:495)
Caused by: org.openqa.selenium.NoSuchElementException: no such element: Unable to locate element: {"method":"xpath","selector":"//div[@id='site-logo']"}
  (Session info: chrome=119.0.6045.200)
For documentation on this error, please visit: https://www.seleniumhq.org/exceptions/no_such_element.html
Build info: version: '3.141.59', revision: 'e82be7d358', time: '2018-11-14T08:17:03'
System info: host: 'DESKTOP-EVMB93U', ip: '192.168.1.14', os.name: 'Windows 11', os.arch: 'amd64', os.version: '10.0', java.version: '17.0.9'
Driver info: org.openqa.selenium.chrome.ChromeDriver
Capabilities {acceptInsecureCerts: false, browserName: chrome, browserVersion: 119.0.6045.200, chrome: {chromedriverVersion: 119.0.6045.105 (38c72552c5e..., userDataDir: C:\Users\HP\AppData\Local\T...}, fedcm:accounts: true, goog:chromeOptions: {debuggerAddress: localhost:64460}, javascriptEnabled: true, networkConnectionEnabled: false, pageLoadStrategy: normal, platform: WINDOWS, platformName: WINDOWS, proxy: Proxy(), setWindowRect: true, strictFileInteractability: false, timeouts: {implicit: 0, pageLoad: 300000, script: 30000}, unhandledPromptBehavior: dismiss and notify, webauthn:extension:credBlob: true, webauthn:extension:largeBlob: true, webauthn:extension:minPinLength: true, webauthn:extension:prf: true, webauthn:virtualAuthenticators: true}
Session ID: a3394bff9998a8c8373b699ff0517bf5
*** Element info: {Using=xpath, value=//div[@id='site-logo']}
	at jdk.internal.reflect.GeneratedConstructorAccessor11.newInstance(Unknown Source)
	at java.base/jdk.internal.reflect.DelegatingConstructorAccessorImpl.newInstance(DelegatingConstructorAccessorImpl.java:45)
	at java.base/java.lang.reflect.Constructor.newInstanceWithCaller(Constructor.java:499)
	at java.base/java.lang.reflect.Constructor.newInstance(Constructor.java:480)
	at org.openqa.selenium.remote.http.W3CHttpResponseCodec.createException(W3CHttpResponseCodec.java:187)
	at org.openqa.selenium.remote.http.W3CHttpResponseCodec.decode(W3CHttpResponseCodec.java:122)
	at org.openqa.selenium.remote.http.W3CHttpResponseCodec.decode(W3CHttpResponseCodec.java:49)
	at org.openqa.selenium.remote.HttpCommandExecutor.execute(HttpCommandExecutor.java:158)
	at org.openqa.selenium.remote.service.DriverCommandExecutor.execute(DriverCommandExecutor.java:83)
	at org.openqa.selenium.remote.RemoteWebDriver.execute(RemoteWebDriver.java:552)
	at org.openqa.selenium.remote.RemoteWebDriver.findElement(RemoteWebDriver.java:323)
	at org.openqa.selenium.remote.RemoteWebDriver.findElementByXPath(RemoteWebDriver.java:428)
	at org.openqa.selenium.By$ByXPath.findElement(By.java:353)
	at org.openqa.selenium.remote.RemoteWebDriver.findElement(RemoteWebDriver.java:315)
	at jdk.internal.reflect.GeneratedMethodAccessor1.invoke(Unknown Source)
	at java.base/jdk.internal.reflect.DelegatingMethodAccessorImpl.invoke(DelegatingMethodAccessorImpl.java:43)
	at java.base/java.lang.reflect.Method.invoke(Method.java:568)
	at org.openqa.selenium.support.ThreadGuard$WebDriverInvocationHandler.invokeUnderlying(ThreadGuard.java:100)
	at org.openqa.selenium.support.ThreadGuard$WebDriverInvocationHandler.invoke(ThreadGuard.java:92)
	at jdk.proxy2/jdk.proxy2.$Proxy13.findElement(Unknown Source)
	at org.openqa.selenium.support.pagefactory.DefaultElementLocator.findElement(DefaultElementLocator.java:69)
	at org.openqa.selenium.support.pagefactory.internal.LocatingElementHandler.invoke(LocatingElementHandler.java:38)
	at jdk.proxy2/jdk.proxy2.$Proxy17.isDisplayed(Unknown Source)
	at org.openqa.selenium.support.ui.ExpectedConditions.elementIfVisible(ExpectedConditions.java:314)
	at org.openqa.selenium.support.ui.ExpectedConditions.access$000(ExpectedConditions.java:43)
	at org.openqa.selenium.support.ui.ExpectedConditions$10.apply(ExpectedConditions.java:300)
	at org.openqa.selenium.support.ui.ExpectedConditions$10.apply(ExpectedConditions.java:297)
	at org.openqa.selenium.support.ui.FluentWait.until(FluentWait.java:249)
	... 40 more
]]></failure>
    <system-out><![CDATA[17:47:27.373 [main] DEBUG org.testng.TestNG - suiteXmlPath: "C:\ebt_git\AutomationPracticeSite_QCPros_EG\src\test\resources\testng.xml"
17:47:29.968 [main] DEBUG org.testng.internal.Graph - [Graph] ADDING NODE configurationTest.beforeTestConfigs(java.lang.String)[pri:0, instance:null] 1949121238
17:47:29.969 [main] DEBUG org.testng.internal.Graph - [Graph] ================ SORTING
17:47:29.977 [main] DEBUG org.testng.internal.Graph - [Graph] =============== DONE SORTING
17:47:29.977 [main] DEBUG org.testng.internal.Graph - [Graph] ====== SORTED NODES
17:47:29.977 [main] DEBUG org.testng.internal.Graph - [Graph] ====== END SORTED NODES
17:47:29.977 [main] WARN org.testng.internal.Configuration - Detected a static method [configurations.configurationTest.beforeTestConfigs()]. Static configuration methods can cause  unexpected behavior.
17:47:29.979 [main] DEBUG org.testng.internal.Graph - [Graph] ADDING NODE configurationTest.afterTestConfigs()[pri:0, instance:null] -1110333357
17:47:29.980 [main] DEBUG org.testng.internal.Graph - [Graph] ================ SORTING
17:47:29.980 [main] DEBUG org.testng.internal.Graph - [Graph] =============== DONE SORTING
17:47:29.980 [main] DEBUG org.testng.internal.Graph - [Graph] ====== SORTED NODES
17:47:29.981 [main] DEBUG org.testng.internal.Graph - [Graph] ====== END SORTED NODES
17:47:29.981 [main] WARN org.testng.internal.Configuration - Detected a static method [configurations.configurationTest.afterTestConfigs()]. Static configuration methods can cause  unexpected behavior.
17:47:29.983 [main] DEBUG org.testng.internal.Graph - [Graph] ADDING NODE purchasingProcess.purchasingProcessBeforeClass(java.lang.String)[pri:0, instance:null] 1159361915
17:47:29.984 [main] DEBUG org.testng.internal.Graph - [Graph] ================ SORTING
17:47:29.984 [main] DEBUG org.testng.internal.Graph - [Graph] =============== DONE SORTING
17:47:29.984 [main] DEBUG org.testng.internal.Graph - [Graph] ====== SORTED NODES
17:47:29.984 [main] DEBUG org.testng.internal.Graph - [Graph] ====== END SORTED NODES
17:47:29.986 [main] DEBUG org.testng.internal.Graph - [Graph] ADDING NODE purchasingProcess.purchasingProcessAfterClass()[pri:0, instance:null] 1801586424
17:47:29.987 [main] DEBUG org.testng.internal.Graph - [Graph] ================ SORTING
17:47:29.987 [main] DEBUG org.testng.internal.Graph - [Graph] =============== DONE SORTING
17:47:29.987 [main] DEBUG org.testng.internal.Graph - [Graph] ====== SORTED NODES
17:47:29.987 [main] DEBUG org.testng.internal.Graph - [Graph] ====== END SORTED NODES
17:47:29.997 [main] DEBUG org.testng.internal.Graph - [Graph] ADDING NODE purchasingProcess.purchasingProcessBeforeMethod(java.lang.String)[pri:0, instance:null] 489001700
17:47:29.998 [main] DEBUG org.testng.internal.Graph - [Graph] ================ SORTING
17:47:29.998 [main] DEBUG org.testng.internal.Graph - [Graph] =============== DONE SORTING
17:47:29.998 [main] DEBUG org.testng.internal.Graph - [Graph] ====== SORTED NODES
17:47:29.999 [main] DEBUG org.testng.internal.Graph - [Graph] ====== END SORTED NODES
17:47:30.000 [main] DEBUG org.testng.internal.Graph - [Graph] ADDING NODE purchasingProcess.purchasingProcessAfterMethod()[pri:0, instance:null] 14668375
17:47:30.001 [main] DEBUG org.testng.internal.Graph - [Graph] ================ SORTING
17:47:30.001 [main] DEBUG org.testng.internal.Graph - [Graph] =============== DONE SORTING
17:47:30.001 [main] DEBUG org.testng.internal.Graph - [Graph] ====== SORTED NODES
17:47:30.001 [main] DEBUG org.testng.internal.Graph - [Graph] ====== END SORTED NODES
17:47:30.009 [main] DEBUG org.testng.internal.Graph - [Graph] ADDING NODE configurationTest.beforeTestConfigs(java.lang.String)[pri:0, instance:testCases.purchasingProcess@3baf6936] 1294567712
17:47:30.009 [main] DEBUG org.testng.internal.Graph - [Graph] ================ SORTING
17:47:30.010 [main] DEBUG org.testng.internal.Graph - [Graph] =============== DONE SORTING
17:47:30.010 [main] DEBUG org.testng.internal.Graph - [Graph] ====== SORTED NODES
17:47:30.010 [main] DEBUG org.testng.internal.Graph - [Graph] ====== END SORTED NODES
17:47:30.016 [main] DEBUG org.testng.internal.Graph - [Graph] ADDING NODE purchasingProcess.case01_mainPageBookValidation()[pri:0, instance:testCases.purchasingProcess@3baf6936] 1194768715
17:47:30.017 [main] DEBUG org.testng.internal.Graph - [Graph] ADDING NODE purchasingProcess.case05_purchasingDifferentBooks()[pri:0, instance:testCases.purchasingProcess@3baf6936] 819516330
17:47:30.017 [main] DEBUG org.testng.internal.Graph - [Graph] ADDING NODE purchasingProcess.case02_purchasingSingleBook()[pri:0, instance:testCases.purchasingProcess@3baf6936] -462668401
17:47:30.017 [main] DEBUG org.testng.internal.Graph - [Graph] ADDING NODE purchasingProcess.case03_purchasingSameBookMultipleTimes()[pri:0, instance:testCases.purchasingProcess@3baf6936] 1152176462
17:47:30.018 [main] DEBUG org.testng.internal.Graph - [Graph] ADDING NODE purchasingProcess.case04_purchasingDifferentBooks()[pri:0, instance:testCases.purchasingProcess@3baf6936] 1263016745
17:47:30.018 [main] DEBUG org.testng.internal.Graph - [Graph] ================ SORTING
17:47:30.021 [main] DEBUG org.testng.internal.Graph - [Graph] =============== DONE SORTING
17:47:30.021 [main] DEBUG org.testng.internal.Graph - [Graph] ====== SORTED NODES
17:47:30.021 [main] DEBUG org.testng.internal.Graph - [Graph] ====== END SORTED NODES
17:47:30.024 [main] DEBUG org.testng.internal.Graph - [Graph] ADDING NODE configurationTest.afterTestConfigs()[pri:0, instance:testCases.purchasingProcess@3baf6936] 940755779
17:47:30.024 [main] DEBUG org.testng.internal.Graph - [Graph] ================ SORTING
17:47:30.024 [main] DEBUG org.testng.internal.Graph - [Graph] =============== DONE SORTING
17:47:30.024 [main] DEBUG org.testng.internal.Graph - [Graph] ====== SORTED NODES
17:47:30.025 [main] DEBUG org.testng.internal.Graph - [Graph] ====== END SORTED NODES
17:47:30.744 [main] DEBUG io.github.bonigarcia.wdm.WebDriverManager - Using WebDriverManager 5.6.1
17:47:32.001 [main] DEBUG io.github.bonigarcia.wdm.cache.ResolutionCache - Resolution chrome=119 in cache (valid until 18:21:29 19/12/2023 TRT)
17:47:32.004 [main] DEBUG io.github.bonigarcia.wdm.cache.ResolutionCache - Resolution chrome119=119.0.6045.105 in cache (valid until 14:19:38 20/12/2023 TRT)
17:47:32.006 [main] INFO io.github.bonigarcia.wdm.WebDriverManager - Using chromedriver 119.0.6045.105 (resolved driver for Chrome 119)
17:47:32.069 [main] DEBUG io.github.bonigarcia.wdm.WebDriverManager - Driver chromedriver 119.0.6045.105 found in cache
17:47:32.071 [main] INFO io.github.bonigarcia.wdm.WebDriverManager - Exporting webdriver.chrome.driver as C:\Users\HP\.cache\selenium\chromedriver\win64\119.0.6045.105\chromedriver.exe
17:47:46.966 [main] DEBUG io.github.bonigarcia.wdm.WebDriverManager - Using WebDriverManager 5.6.1
17:47:46.989 [main] DEBUG io.github.bonigarcia.wdm.cache.ResolutionCache - Resolution chrome=119 in cache (valid until 18:21:29 19/12/2023 TRT)
17:47:46.990 [main] DEBUG io.github.bonigarcia.wdm.cache.ResolutionCache - Resolution chrome119=119.0.6045.105 in cache (valid until 14:19:38 20/12/2023 TRT)
17:47:46.990 [main] INFO io.github.bonigarcia.wdm.WebDriverManager - Using chromedriver 119.0.6045.105 (resolved driver for Chrome 119)
17:47:47.009 [main] DEBUG io.github.bonigarcia.wdm.WebDriverManager - Driver chromedriver 119.0.6045.105 found in cache
17:47:47.010 [main] INFO io.github.bonigarcia.wdm.WebDriverManager - Exporting webdriver.chrome.driver as C:\Users\HP\.cache\selenium\chromedriver\win64\119.0.6045.105\chromedriver.exe
]]></system-out>
    <system-err><![CDATA[Starting ChromeDriver 119.0.6045.105 (38c72552c5e15ba9b3117c0967a0fd105072d7c6-refs/branch-heads/6045@{#1103}) on port 6116
Only local connections are allowed.
Please see https://chromedriver.chromium.org/security-considerations for suggestions on keeping ChromeDriver safe.
ChromeDriver was started successfully.
Dec 19, 2023 5:47:46 PM org.openqa.selenium.remote.ProtocolHandshake createSession
INFO: Detected dialect: W3C
Starting ChromeDriver 119.0.6045.105 (38c72552c5e15ba9b3117c0967a0fd105072d7c6-refs/branch-heads/6045@{#1103}) on port 48985
Only local connections are allowed.
Please see https://chromedriver.chromium.org/security-considerations for suggestions on keeping ChromeDriver safe.
ChromeDriver was started successfully.
Dec 19, 2023 5:48:01 PM org.openqa.selenium.remote.ProtocolHandshake createSession
INFO: Detected dialect: W3C
]]></system-err>
  </testcase>
  <testcase name="case01_mainPageBookValidation" classname="testCases.purchasingProcess" time="0.0">
    <skipped message="Expected condition failed: waiting for visibility of Proxy element for: DefaultElementLocator &apos;By.xpath: //div[@id=&apos;site-logo&apos;]&apos; (tried for 20 second(s) with 500 milliseconds interval)"/>
  </testcase>
  <testcase name="purchasingProcessAfterMethod" classname="testCases.purchasingProcess" time="0.0">
    <skipped/>
  </testcase>
  <testcase name="purchasingProcessAfterMethod" classname="testCases.purchasingProcess" time="0.0">
    <skipped/>
  </testcase>
  <testcase name="purchasingProcessAfterMethod" classname="testCases.purchasingProcess" time="0.0">
    <skipped/>
  </testcase>
  <testcase name="purchasingProcessAfterMethod" classname="testCases.purchasingProcess" time="0.0">
    <skipped/>
  </testcase>
  <testcase name="purchasingProcessAfterMethod" classname="testCases.purchasingProcess" time="0.0">
    <skipped/>
  </testcase>
  <testcase name="purchasingProcessBeforeMethod" classname="testCases.purchasingProcess" time="0.0">
    <skipped/>
  </testcase>
  <testcase name="purchasingProcessBeforeMethod" classname="testCases.purchasingProcess" time="0.0">
    <skipped/>
  </testcase>
  <testcase name="purchasingProcessBeforeMethod" classname="testCases.purchasingProcess" time="0.0">
    <skipped/>
  </testcase>
  <testcase name="purchasingProcessBeforeMethod" classname="testCases.purchasingProcess" time="0.0">
    <skipped/>
  </testcase>
  <testcase name="case02_purchasingSingleBook" classname="testCases.purchasingProcess" time="0.0">
    <skipped message="Expected condition failed: waiting for visibility of Proxy element for: DefaultElementLocator &apos;By.xpath: //div[@id=&apos;site-logo&apos;]&apos; (tried for 20 second(s) with 500 milliseconds interval)"/>
  </testcase>
  <testcase name="case03_purchasingSameBookMultipleTimes" classname="testCases.purchasingProcess" time="0.0">
    <skipped message="Expected condition failed: waiting for visibility of Proxy element for: DefaultElementLocator &apos;By.xpath: //div[@id=&apos;site-logo&apos;]&apos; (tried for 20 second(s) with 500 milliseconds interval)"/>
  </testcase>
  <testcase name="case04_purchasingDifferentBooks" classname="testCases.purchasingProcess" time="0.0">
    <skipped message="Expected condition failed: waiting for visibility of Proxy element for: DefaultElementLocator &apos;By.xpath: //div[@id=&apos;site-logo&apos;]&apos; (tried for 20 second(s) with 500 milliseconds interval)"/>
  </testcase>
  <testcase name="case05_purchasingDifferentBooks" classname="testCases.purchasingProcess" time="0.0">
    <skipped message="Expected condition failed: waiting for visibility of Proxy element for: DefaultElementLocator &apos;By.xpath: //div[@id=&apos;site-logo&apos;]&apos; (tried for 20 second(s) with 500 milliseconds interval)"/>
  </testcase>
  <testcase name="purchasingProcessAfterClass" classname="testCases.purchasingProcess" time="0.0">
    <skipped/>
  </testcase>
  <testcase name="afterTestConfigs" classname="testCases.purchasingProcess" time="0.0">
    <skipped/>
  </testcase>
</testsuite>