<?xml version="1.0" encoding="UTF-8"?>
<!-- Generated by org.testng.reporters.JUnitXMLReporter -->
<testsuite ignored="0" hostname="DESKTOP-EVMB93U" failures="0" tests="5" name="Chrome Test" time="183.55" errors="0" timestamp="2023-12-19T18:00:29 TRT">
  <testcase classname="testCases.purchasingProcess" name="case01_mainPageBookValidation" time="5.536"/>
  <testcase classname="testCases.purchasingProcess" name="case02_purchasingSingleBook" time="3.295"/>
  <testcase classname="testCases.purchasingProcess" name="case03_purchasingSameBookMultipleTimes" time="3.875"/>
  <testcase classname="testCases.purchasingProcess" name="case04_purchasingDifferentBooks" time="4.591"/>
  <testcase classname="testCases.purchasingProcess" name="case05_purchasingDifferentBooks" time="10.231"/>
</testsuite> <!-- Chrome Test -->
